= Start
@ ./omp:[0x400bf8] + 0x188d630 0x20000
@ /lib64/libc.so.6:[0x7f0d73d149dd] + 0x18ad640 0x238
@ /lib64/libc.so.6:[0x7f0d73d149dd] + 0x18ad880 0x238
@ ./omp:[0x400c73] + 0x7f0d72ca5010 0x1000000
@ ./omp:[0x402cf9] + 0x7f0d71ca4010 0x1000000
@ ./omp:[0x403047] - 0x7f0d71ca4010
@ ./omp:[0x400edf] + 0x18adac0 0x144
@ ./omp:[0x400f8e] + 0x18adc10 0x450
@ ./omp:[0x400fc3] + 0x18ae070 0x40000
@ ./omp:[0x400fce] + 0x18ee080 0x40000
@ ./omp:[0x400fde] + 0x192e090 0x40000
@ ./omp:[0x401011] + 0x196e0a0 0x40000
@ ./omp:[0x40101e] + 0x19ae0b0 0x40000
@ ./omp:[0x40102b] + 0x19ee0c0 0x40000
@ ./omp:[0x40103b] + 0x1a2e0d0 0x40000
@ ./omp:[0x401046] + 0x1a6e0e0 0x40000
@ ./omp:[0x401064] + 0x1aae0f0 0x8a0000
@ /lib64/libgomp.so.1:[0x7f0d742987f9] + 0x234e100 0xd0
@ /lib64/libgomp.so.1:[0x7f0d742987f9] + 0x234e1e0 0x1e90
@ /lib64/libgomp.so.1:[0x7f0d742987f9] + 0x2350080 0xc0
@ /lib64/libgomp.so.1:[0x7f0d74298849] + 0x2350150 0xf8
@ /lib64/ld-linux-x86-64.so.2:(_dl_allocate_tls+0x25)[0x7f0d747c9885] + 0x2350250 0x240
@ /lib64/ld-linux-x86-64.so.2:(_dl_allocate_tls+0x25)[0x7f0d747c9885] + 0x23504a0 0x240
@ /lib64/ld-linux-x86-64.so.2:(_dl_allocate_tls+0x25)[0x7f0d747c9885] + 0x23506f0 0x240
@ /lib64/ld-linux-x86-64.so.2:(_dl_allocate_tls+0x25)[0x7f0d747c9885] + 0x2350940 0x240
@ /lib64/ld-linux-x86-64.so.2:(_dl_allocate_tls+0x25)[0x7f0d747c9885] + 0x2350b90 0x240
@ /lib64/ld-linux-x86-64.so.2:(_dl_allocate_tls+0x25)[0x7f0d747c9885] + 0x2350de0 0x240
@ /lib64/ld-linux-x86-64.so.2:(_dl_allocate_tls+0x25)[0x7f0d747c9885] + 0x2351030 0x240
@ /lib64/ld-linux-x86-64.so.2:(_dl_allocate_tls+0x25)[0x7f0d747c9885] + 0x2351280 0x240
@ /lib64/ld-linux-x86-64.so.2:(_dl_allocate_tls+0x25)[0x7f0d747c9885] + 0x23514d0 0x240
@ /lib64/ld-linux-x86-64.so.2:(_dl_allocate_tls+0x25)[0x7f0d747c9885] + 0x2351720 0x240
@ /lib64/ld-linux-x86-64.so.2:(_dl_allocate_tls+0x25)[0x7f0d747c9885] + 0x2351970 0x240
@ /lib64/ld-linux-x86-64.so.2:(_dl_allocate_tls+0x25)[0x7f0d747c9885] + 0x2351bc0 0x240
@ /lib64/ld-linux-x86-64.so.2:(_dl_allocate_tls+0x25)[0x7f0d747c9885] + 0x2351e10 0x240
@ /lib64/ld-linux-x86-64.so.2:(_dl_allocate_tls+0x25)[0x7f0d747c9885] + 0x2352060 0x240
@ /lib64/ld-linux-x86-64.so.2:(_dl_allocate_tls+0x25)[0x7f0d747c9885] + 0x23522b0 0x240
@ /lib64/ld-linux-x86-64.so.2:(_dl_allocate_tls+0x25)[0x7f0d747c9885] + 0x2352500 0x240
@ /lib64/ld-linux-x86-64.so.2:(_dl_allocate_tls+0x25)[0x7f0d747c9885] + 0x2352750 0x240
@ /lib64/ld-linux-x86-64.so.2:(_dl_allocate_tls+0x25)[0x7f0d747c9885] + 0x23529a0 0x240
@ /lib64/ld-linux-x86-64.so.2:(_dl_allocate_tls+0x25)[0x7f0d747c9885] + 0x2352bf0 0x240
@ /lib64/ld-linux-x86-64.so.2:(_dl_allocate_tls+0x25)[0x7f0d747c9885] + 0x2352e40 0x240
@ /lib64/ld-linux-x86-64.so.2:(_dl_allocate_tls+0x25)[0x7f0d747c9885] + 0x2353090 0x240
@ /lib64/ld-linux-x86-64.so.2:(_dl_allocate_tls+0x25)[0x7f0d747c9885] + 0x23532e0 0x240
@ /lib64/ld-linux-x86-64.so.2:(_dl_allocate_tls+0x25)[0x7f0d747c9885] + 0x2353530 0x240
@ /lib64/ld-linux-x86-64.so.2:(_dl_allocate_tls+0x25)[0x7f0d747c9885] + 0x2353780 0x240
@ /lib64/ld-linux-x86-64.so.2:(_dl_allocate_tls+0x25)[0x7f0d747c9885] + 0x23539d0 0x240
@ /lib64/ld-linux-x86-64.so.2:(_dl_allocate_tls+0x25)[0x7f0d747c9885] + 0x2353c20 0x240
@ /lib64/ld-linux-x86-64.so.2:(_dl_allocate_tls+0x25)[0x7f0d747c9885] + 0x2353e70 0x240
@ /lib64/ld-linux-x86-64.so.2:(_dl_allocate_tls+0x25)[0x7f0d747c9885] + 0x23540c0 0x240
@ /lib64/ld-linux-x86-64.so.2:(_dl_allocate_tls+0x25)[0x7f0d747c9885] + 0x2354310 0x240
@ ./omp:[0x4013b0] - 0x18adac0
@ ./omp:[0x4013ba] - 0x18adc10
@ ./omp:[0x4013c2] - 0x18ae070
@ ./omp:[0x4013cc] - 0x196e0a0
@ ./omp:[0x4013d6] - 0x19ae0b0
@ ./omp:[0x4013e3] - 0x19ee0c0
@ ./omp:[0x4013ed] - 0x18ee080
@ ./omp:[0x4013f7] - 0x192e090
@ ./omp:[0x4013ff] - 0x1a2e0d0
@ ./omp:[0x401409] - 0x1a6e0e0
@ ./omp:[0x400cb4] - 0x1aae0f0
@ /lib64/libc.so.6:(fclose+0x177)[0x7f0d73d13fd7] - 0x18ad640
@ /lib64/libc.so.6:(fclose+0x177)[0x7f0d73d13fd7] - 0x18ad880
@ ./omp:[0x400cf0] - 0x188d630
@ ./omp:[0x400cf8] - 0x7f0d72ca5010
= End
